c:\users\callc\source\repos\igme209-02\pathfinderdllv3\pathfinderdllv3\debug\mydll.pch
c:\users\callc\source\repos\igme209-02\pathfinderdllv3\pathfinderdllv3\debug\vc142.pdb
c:\users\callc\source\repos\igme209-02\pathfinderdllv3\pathfinderdllv3\debug\vc142.idb
c:\users\callc\source\repos\igme209-02\pathfinderdllv3\pathfinderdllv3\debug\pch.obj
c:\users\callc\source\repos\igme209-02\pathfinderdllv3\pathfinderdllv3\debug\graph.obj
c:\users\callc\source\repos\igme209-02\pathfinderdllv3\pathfinderdllv3\debug\functions.obj
c:\users\callc\source\repos\igme209-02\pathfinderdllv3\pathfinderdllv3\debug\dllmain.obj
c:\users\callc\source\repos\igme209-02\pathfinderdllv3\debug\mydll.dll
c:\users\callc\source\repos\igme209-02\pathfinderdllv3\debug\mydll.ilk
c:\users\callc\source\repos\igme209-02\pathfinderdllv3\debug\mydll.pdb
c:\users\callc\source\repos\igme209-02\pathfinderdllv3\debug\mydll.lib
c:\users\callc\source\repos\igme209-02\pathfinderdllv3\debug\mydll.exp
c:\users\callc\source\repos\igme209-02\pathfinderdllv3\pathfinderdllv3\debug\pathfinderdllv3.tlog\cl.command.1.tlog
c:\users\callc\source\repos\igme209-02\pathfinderdllv3\pathfinderdllv3\debug\pathfinderdllv3.tlog\cl.read.1.tlog
c:\users\callc\source\repos\igme209-02\pathfinderdllv3\pathfinderdllv3\debug\pathfinderdllv3.tlog\cl.write.1.tlog
c:\users\callc\source\repos\igme209-02\pathfinderdllv3\pathfinderdllv3\debug\pathfinderdllv3.tlog\link.18852.delete.1.tlog
c:\users\callc\source\repos\igme209-02\pathfinderdllv3\pathfinderdllv3\debug\pathfinderdllv3.tlog\link.command.1.tlog
c:\users\callc\source\repos\igme209-02\pathfinderdllv3\pathfinderdllv3\debug\pathfinderdllv3.tlog\link.read.1.tlog
c:\users\callc\source\repos\igme209-02\pathfinderdllv3\pathfinderdllv3\debug\pathfinderdllv3.tlog\link.write.1.tlog
c:\users\callc\source\repos\igme209-02\pathfinderdllv3\pathfinderdllv3\debug\pathfinderdllv3.tlog\pathfinderdllv3.write.1u.tlog
