  Functions.cpp
C:\Users\callc\source\repos\IGME209-02\PathfinderDLLv3\PathfinderDLLv3\Functions.cpp(38,23): warning C4018: '<': signed/unsigned mismatch
C:\Users\callc\source\repos\IGME209-02\PathfinderDLLv3\PathfinderDLLv3\Functions.cpp(63,24): warning C4018: '<': signed/unsigned mismatch
C:\Users\callc\source\repos\IGME209-02\PathfinderDLLv3\PathfinderDLLv3\Functions.cpp(66,25): warning C4018: '<': signed/unsigned mismatch
C:\Users\callc\source\repos\IGME209-02\PathfinderDLLv3\PathfinderDLLv3\Functions.cpp(81,14): warning C4551: function call missing argument list
C:\Users\callc\source\repos\IGME209-02\PathfinderDLLv3\PathfinderDLLv3\Functions.cpp(105,24): warning C4018: '<': signed/unsigned mismatch
C:\Users\callc\source\repos\IGME209-02\PathfinderDLLv3\PathfinderDLLv3\Functions.cpp(107,25): warning C4018: '<': signed/unsigned mismatch
C:\Users\callc\source\repos\IGME209-02\PathfinderDLLv3\PathfinderDLLv3\Functions.cpp(134,24): warning C4018: '<': signed/unsigned mismatch
C:\Users\callc\source\repos\IGME209-02\PathfinderDLLv3\PathfinderDLLv3\Functions.cpp(136,25): warning C4018: '<': signed/unsigned mismatch
C:\Users\callc\source\repos\IGME209-02\PathfinderDLLv3\PathfinderDLLv3\Functions.cpp(150,16): warning C4018: '<': signed/unsigned mismatch
C:\Users\callc\source\repos\IGME209-02\PathfinderDLLv3\PathfinderDLLv3\Functions.cpp(158,16): warning C4018: '<': signed/unsigned mismatch
C:\Users\callc\source\repos\IGME209-02\PathfinderDLLv3\PathfinderDLLv3\Functions.cpp(169,16): warning C4018: '<': signed/unsigned mismatch
C:\Users\callc\source\repos\IGME209-02\PathfinderDLLv3\PathfinderDLLv3\Functions.cpp(173,29): warning C4018: '<': signed/unsigned mismatch
C:\Users\callc\source\repos\IGME209-02\PathfinderDLLv3\PathfinderDLLv3\Functions.cpp(177,16): warning C4018: '<': signed/unsigned mismatch
C:\Users\callc\source\repos\IGME209-02\PathfinderDLLv3\PathfinderDLLv3\Functions.cpp(177,37): warning C4018: '<': signed/unsigned mismatch
C:\Users\callc\source\repos\IGME209-02\PathfinderDLLv3\PathfinderDLLv3\Functions.cpp(210,17): warning C4018: '>=': signed/unsigned mismatch
C:\Users\callc\source\repos\IGME209-02\PathfinderDLLv3\PathfinderDLLv3\Functions.cpp(238,15): warning C4551: function call missing argument list
     Creating library C:\Users\callc\source\repos\IGME209-02\PathfinderDLLv3\Release\PathfinderDLLv3.lib and object C:\Users\callc\source\repos\IGME209-02\PathfinderDLLv3\Release\PathfinderDLLv3.exp
  Generating code
  0 of 160 functions ( 0.0%) were compiled, the rest were copied from previous compilation.
    0 functions were new in current compilation
    0 functions had inline decision re-evaluated but remain unchanged
  Finished generating code
  PathfinderDLLv3.vcxproj -> C:\Users\callc\source\repos\IGME209-02\PathfinderDLLv3\Release\PathfinderDLLv3.dll
